<?xml version="1.0" encoding="UTF-8"?>
<testsuite xmlns:xsi="http://www.w3.org/2001/XMLSchema-instance" xsi:noNamespaceSchemaLocation="https://maven.apache.org/surefire/maven-surefire-plugin/xsd/surefire-test-report.xsd" name="MyTest" time="0.039" tests="20" errors="0" skipped="0" failures="0">
  <properties>
[...]
</properties>
  <testcase name="generateDeckTest1" classname="MyTest" time="0.016"/>
  <testcase name="generateDeckTest2" classname="MyTest" time="0"/>
  <testcase name="whoWonTest1" classname="MyTest" time="0.001"/>
  <testcase name="whoWonTest2" classname="MyTest" time="0.001"/>
  <testcase name="handTotalTest1" classname="MyTest" time="0.001"/>
  <testcase name="handTotalTest2" classname="MyTest" time="0"/>
  <testcase name="shuffleDeck1" classname="MyTest" time="0.001"/>
  <testcase name="shuffleDeck2" classname="MyTest" time="0.001"/>
  <testcase name="dealHandtest1" classname="MyTest" time="0.001"/>
  <testcase name="dealHandtest2" classname="MyTest" time="0"/>
  <testcase name="evaluatePlayerDrawTest1" classname="MyTest" time="0"/>
  <testcase name="evaluatePlayerDrawTest2" classname="MyTest" time="0.001"/>
  <testcase name="card_test1" classname="MyTest" time="0.001"/>
  <testcase name="card_test2" classname="MyTest" time="0"/>
  <testcase name="evaluateBankerDrawTest1" classname="MyTest" time="0"/>
  <testcase name="evaluateBankerDrawTest2" classname="MyTest" time="0.001"/>
  <testcase name="drawOneTest1" classname="MyTest" time="0.001"/>
  <testcase name="drawOneTest2" classname="MyTest" time="0.001"/>
  <testcase name="deckSizeTest1" classname="MyTest" time="0"/>
  <testcase name="deckSizeTest2" classname="MyTest" time="0.001"/>
</testsuite>